Arguments: 
  /Users/ww8007/.nvm/versions/node/v14.17.4/bin/node /Users/ww8007/.yarn/bin/yarn.js add -D @babel/core @babel/preset-env @babel/preset-react babel-lodaer webpack webpack-cli

PATH: 
  /Users/ww8007/.gem/ruby/2.6.0/bin:/Users/ww8007/.gem/bin:/Users/ww8007/.yarn/bin:/Users/ww8007/.config/yarn/global/node_modules/.bin:/Users/ww8007/.nvm/versions/node/v14.17.4/bin:/opt/homebrew/bin:/opt/homebrew/sbin:/usr/local/bin:/usr/bin:/bin:/usr/sbin:/sbin:/usr/local/share/dotnet:~/.dotnet/tools:/Library/Apple/usr/bin:/Library/Frameworks/Mono.framework/Versions/Current/Commands:/Users/ww8007/.gem/ruby/2.6.0/bin:/Users/ww8007/.gem/bin:/Users/ww8007/.yarn/bin:/Users/ww8007/.config/yarn/global/node_modules/.bin:/Users/ww8007/.nvm/versions/node/v14.17.4/bin:/opt/homebrew/bin:/opt/homebrew/sbin:/Users/ww8007/Library/Android/sdk/emulator:/Users/ww8007/Library/Android/sdk/tools:/Users/ww8007/Library/Android/sdk/tools/bin:/Users/ww8007/Library/Android/sdk/platform-tools:/Users/ww8007/Library/Android/sdk/emulator:/Users/ww8007/Library/Android/sdk/tools:/Users/ww8007/Library/Android/sdk/tools/bin:/Users/ww8007/Library/Android/sdk/platform-tools

Yarn version: 
  1.22.15

Node version: 
  14.17.4

Platform: 
  darwin x64

Trace: 
  Error: https://registry.yarnpkg.com/babel-lodaer: Not found
      at Request.params.callback [as _callback] (/Users/ww8007/.yarn/lib/cli.js:67031:18)
      at Request.self.callback (/Users/ww8007/.yarn/lib/cli.js:140885:22)
      at Request.emit (events.js:400:28)
      at Request.<anonymous> (/Users/ww8007/.yarn/lib/cli.js:141857:10)
      at Request.emit (events.js:400:28)
      at IncomingMessage.<anonymous> (/Users/ww8007/.yarn/lib/cli.js:141779:12)
      at Object.onceWrapper (events.js:519:28)
      at IncomingMessage.emit (events.js:412:35)
      at endReadableNT (internal/streams/readable.js:1317:12)
      at processTicksAndRejections (internal/process/task_queues.js:82:21)

npm manifest: 
  {
    "name": "Run_Recoil",
    "version": "1.0.0",
    "main": "index.js",
    "repository": "https://github.com/ww8007/Run_Recoil.git",
    "author": "ww8007 <wshmin@naver.com>",
    "license": "MIT",
    "dependencies": {
      "react": "^18.0.0",
      "react-dom": "^18.0.0"
    }
  }

yarn manifest: 
  No manifest

Lockfile: 
  # THIS IS AN AUTOGENERATED FILE. DO NOT EDIT THIS FILE DIRECTLY.
  # yarn lockfile v1
  
  
  "js-tokens@^3.0.0 || ^4.0.0":
    version "4.0.0"
    resolved "https://registry.yarnpkg.com/js-tokens/-/js-tokens-4.0.0.tgz#19203fb59991df98e3a287050d4647cdeaf32499"
    integrity sha512-RdJUflcE3cUzKiMqQgsCu06FPu9UdIJO0beYbPhHN4k6apgJtifcoCtT9bcxOpYBtpD2kCM6Sbzg4CausW/PKQ==
  
  loose-envify@^1.1.0:
    version "1.4.0"
    resolved "https://registry.yarnpkg.com/loose-envify/-/loose-envify-1.4.0.tgz#71ee51fa7be4caec1a63839f7e682d8132d30caf"
    integrity sha512-lyuxPGr/Wfhrlem2CL/UcnUc1zcqKAImBDzukY7Y5F/yQiNdko6+fRLevlw1HgMySw7f611UIY408EtxRSoK3Q==
    dependencies:
      js-tokens "^3.0.0 || ^4.0.0"
  
  react-dom@^18.0.0:
    version "18.0.0"
    resolved "https://registry.yarnpkg.com/react-dom/-/react-dom-18.0.0.tgz#26b88534f8f1dbb80853e1eabe752f24100d8023"
    integrity sha512-XqX7uzmFo0pUceWFCt7Gff6IyIMzFUn7QMZrbrQfGxtaxXZIcGQzoNpRLE3fQLnS4XzLLPMZX2T9TRcSrasicw==
    dependencies:
      loose-envify "^1.1.0"
      scheduler "^0.21.0"
  
  react@^18.0.0:
    version "18.0.0"
    resolved "https://registry.yarnpkg.com/react/-/react-18.0.0.tgz#b468736d1f4a5891f38585ba8e8fb29f91c3cb96"
    integrity sha512-x+VL6wbT4JRVPm7EGxXhZ8w8LTROaxPXOqhlGyVSrv0sB1jkyFGgXxJ8LVoPRLvPR6/CIZGFmfzqUa2NYeMr2A==
    dependencies:
      loose-envify "^1.1.0"
  
  scheduler@^0.21.0:
    version "0.21.0"
    resolved "https://registry.yarnpkg.com/scheduler/-/scheduler-0.21.0.tgz#6fd2532ff5a6d877b6edb12f00d8ab7e8f308820"
    integrity sha512-1r87x5fz9MXqswA2ERLo0EbOAU74DpIUO090gIasYTqlVoJeMcl+Z1Rg7WHz+qtPujhS/hGIt9kxZOYBV3faRQ==
    dependencies:
      loose-envify "^1.1.0"
